<?xml version="1.0" encoding="UTF-8"?>
<!-- Generated by org.testng.reporters.JUnitXMLReporter -->
<testsuite ignored="1" hostname="DESKTOP-ITV9J04" failures="1" tests="34" name="Default test" time="17.803" errors="0" timestamp="2020-11-26T08:45:50 BRT">
  <testcase classname="deliverymuchbrasil.com.automation_test.ValidateExtendNumberENUS" name="validateInvalidNumberENUS" time="1.497">
    <failure type="java.lang.AssertionError" message="
Expecting:
 &amp;lt;400&amp;gt;
to be equal to:
 &amp;lt;401&amp;gt;
but was not.">
      <![CDATA[java.lang.AssertionError: 
Expecting:
 <400>
to be equal to:
 <401>
but was not.
at quimera.test.utilities.assertion.RestAssertion.isEqualStatusCode(RestAssertion.java:29)
at deliverymuchbrasil.com.automation_test.ValidateExtendNumberENUS.validateInvalidNumberENUS(ValidateExtendNumberENUS.java:37)
at java.base/jdk.internal.reflect.NativeMethodAccessorImpl.invoke0(Native Method)
at java.base/jdk.internal.reflect.NativeMethodAccessorImpl.invoke(NativeMethodAccessorImpl.java:62)
at java.base/jdk.internal.reflect.DelegatingMethodAccessorImpl.invoke(DelegatingMethodAccessorImpl.java:43)
at java.base/java.lang.reflect.Method.invoke(Method.java:566)
at org.testng.internal.MethodInvocationHelper.invokeMethod(MethodInvocationHelper.java:133)
at org.testng.internal.TestInvoker.invokeMethod(TestInvoker.java:584)
at org.testng.internal.TestInvoker.invokeTestMethod(TestInvoker.java:172)
at org.testng.internal.MethodRunner.runInSequence(MethodRunner.java:46)
at org.testng.internal.TestInvoker$MethodInvocationAgent.invoke(TestInvoker.java:804)
at org.testng.internal.TestInvoker.invokeTestMethods(TestInvoker.java:145)
at org.testng.internal.TestMethodWorker.invokeTestMethods(TestMethodWorker.java:146)
at org.testng.internal.TestMethodWorker.run(TestMethodWorker.java:128)
at java.base/java.util.ArrayList.forEach(ArrayList.java:1541)
at org.testng.TestRunner.privateRun(TestRunner.java:770)
at org.testng.TestRunner.run(TestRunner.java:591)
at org.testng.SuiteRunner.runTest(SuiteRunner.java:402)
at org.testng.SuiteRunner.runSequentially(SuiteRunner.java:396)
at org.testng.SuiteRunner.privateRun(SuiteRunner.java:355)
at org.testng.SuiteRunner.run(SuiteRunner.java:304)
at org.testng.SuiteRunnerWorker.runSuite(SuiteRunnerWorker.java:53)
at org.testng.SuiteRunnerWorker.run(SuiteRunnerWorker.java:96)
at org.testng.TestNG.runSuitesSequentially(TestNG.java:1180)
at org.testng.TestNG.runSuitesLocally(TestNG.java:1102)
at org.testng.TestNG.runSuites(TestNG.java:1032)
at org.testng.TestNG.run(TestNG.java:1000)
at org.testng.remote.AbstractRemoteTestNG.run(AbstractRemoteTestNG.java:115)
at org.testng.remote.RemoteTestNG.initAndRun(RemoteTestNG.java:251)
at org.testng.remote.RemoteTestNG.main(RemoteTestNG.java:77)
]]>
    </failure>
  </testcase> <!-- validateInvalidNumberENUS -->
  <testcase classname="deliverymuchbrasil.com.automation_test.ValidateExtendNumberENUS" name="validateNumberExtensionENUS" time="0.688"/>
  <testcase classname="deliverymuchbrasil.com.automation_test.ValidateExtendNumberENUS" name="validateNumberExtensionENUS" time="0.481"/>
  <testcase classname="deliverymuchbrasil.com.automation_test.ValidateExtendNumberENUS" name="validateNumberExtensionENUS" time="0.483"/>
  <testcase classname="deliverymuchbrasil.com.automation_test.ValidateExtendNumberENUS" name="validateNumberExtensionENUS" time="0.484"/>
  <testcase classname="deliverymuchbrasil.com.automation_test.ValidateExtendNumberENUS" name="validateNumberExtensionENUS" time="0.479"/>
  <testcase classname="deliverymuchbrasil.com.automation_test.ValidateExtendNumberENUS" name="validateNumberExtensionENUS" time="0.484"/>
  <testcase classname="deliverymuchbrasil.com.automation_test.ValidateExtendNumberENUS" name="validateNumberExtensionENUS" time="0.491"/>
  <testcase classname="deliverymuchbrasil.com.automation_test.ValidateExtendNumberENUS" name="validateNumberExtensionENUS" time="0.489"/>
  <testcase classname="deliverymuchbrasil.com.automation_test.ValidateExtendNumberENUS" name="validateStatusCodeENUS" time="0.48"/>
  <testcase classname="deliverymuchbrasil.com.automation_test.ValidateExtendNumberENUS" name="validateStatusCodeENUS" time="0.47"/>
  <testcase classname="deliverymuchbrasil.com.automation_test.ValidateExtendNumberENUS" name="validateStatusCodeENUS" time="0.474"/>
  <testcase classname="deliverymuchbrasil.com.automation_test.ValidateExtendNumberENUS" name="validateStatusCodeENUS" time="0.469"/>
  <testcase classname="deliverymuchbrasil.com.automation_test.ValidateExtendNumberENUS" name="validateStatusCodeENUS" time="0.472"/>
  <testcase classname="deliverymuchbrasil.com.automation_test.ValidateExtendNumberENUS" name="validateStatusCodeENUS" time="0.481"/>
  <testcase classname="deliverymuchbrasil.com.automation_test.ValidateExtendNumberENUS" name="validateStatusCodeENUS" time="0.478"/>
  <testcase classname="deliverymuchbrasil.com.automation_test.ValidateExtendNumberENUS" name="validateStatusCodeENUS" time="0.478"/>
  <testcase classname="deliverymuchbrasil.com.automation_test.ValidateExtendNumberPTBR" name="validateInvalidNumberPTBR" time="0.485"/>
  <testcase classname="deliverymuchbrasil.com.automation_test.ValidateExtendNumberPTBR" name="validateNumberExtensionPTBR" time="0.48"/>
  <testcase classname="deliverymuchbrasil.com.automation_test.ValidateExtendNumberPTBR" name="validateNumberExtensionPTBR" time="0.47"/>
  <testcase classname="deliverymuchbrasil.com.automation_test.ValidateExtendNumberPTBR" name="validateNumberExtensionPTBR" time="0.483"/>
  <testcase classname="deliverymuchbrasil.com.automation_test.ValidateExtendNumberPTBR" name="validateNumberExtensionPTBR" time="0.483"/>
  <testcase classname="deliverymuchbrasil.com.automation_test.ValidateExtendNumberPTBR" name="validateNumberExtensionPTBR" time="0.476"/>
  <testcase classname="deliverymuchbrasil.com.automation_test.ValidateExtendNumberPTBR" name="validateNumberExtensionPTBR" time="0.471"/>
  <testcase classname="deliverymuchbrasil.com.automation_test.ValidateExtendNumberPTBR" name="validateNumberExtensionPTBR" time="0.47"/>
  <testcase classname="deliverymuchbrasil.com.automation_test.ValidateExtendNumberPTBR" name="validateNumberExtensionPTBR" time="0.492"/>
  <testcase classname="deliverymuchbrasil.com.automation_test.ValidateExtendNumberPTBR" name="validateStatusCodePTBR" time="0.477"/>
  <testcase classname="deliverymuchbrasil.com.automation_test.ValidateExtendNumberPTBR" name="validateStatusCodePTBR" time="0.468"/>
  <testcase classname="deliverymuchbrasil.com.automation_test.ValidateExtendNumberPTBR" name="validateStatusCodePTBR" time="0.478"/>
  <testcase classname="deliverymuchbrasil.com.automation_test.ValidateExtendNumberPTBR" name="validateStatusCodePTBR" time="0.485"/>
  <testcase classname="deliverymuchbrasil.com.automation_test.ValidateExtendNumberPTBR" name="validateStatusCodePTBR" time="0.514"/>
  <testcase classname="deliverymuchbrasil.com.automation_test.ValidateExtendNumberPTBR" name="validateStatusCodePTBR" time="0.483"/>
  <testcase classname="deliverymuchbrasil.com.automation_test.ValidateExtendNumberPTBR" name="validateStatusCodePTBR" time="0.482"/>
  <testcase classname="deliverymuchbrasil.com.automation_test.ValidateExtendNumberPTBR" name="validateStatusCodePTBR" time="0.47"/>
  <testcase classname="quimera.test.core.TestCoreCentralizer" name="@BeforeTest initialEngine" time="0.0">
    <ignored/>
  </testcase> <!-- @BeforeTest initialEngine -->
</testsuite> <!-- Default test -->
